2022-07-26 08:40:04.398 INFO  9840 --- [main] com.local.StartApplication - Starting StartApplication using Java 1.8.0_241 on LAPTOP-5FUOJDVF with PID 9840 (E:\dizhen\yueshengcode\start\target\classes started by tomato in E:\dizhen\yueshengcode) 
2022-07-26 08:40:04.402 INFO  9840 --- [main] com.local.StartApplication - No active profile set, falling back to 1 default profile: "default" 
2022-07-26 08:40:05.008 INFO  9840 --- [main] o.s.d.r.config.RepositoryConfigurationDelegate - Multiple Spring Data modules found, entering strict repository configuration mode 
2022-07-26 08:40:05.008 INFO  9840 --- [main] o.s.d.r.config.RepositoryConfigurationDelegate - Bootstrapping Spring Data Redis repositories in DEFAULT mode. 
2022-07-26 08:40:05.057 INFO  9840 --- [main] o.s.d.r.config.RepositoryConfigurationDelegate - Finished Spring Data repository scanning in 10 ms. Found 0 Redis repository interfaces. 
2022-07-26 08:40:05.162 WARN  9840 --- [main] org.mybatis.spring.mapper.ClassPathMapperScanner - No MyBatis mapper was found in '[com.local.dao]' package. Please check your configuration. 
2022-07-26 08:40:05.612 INFO  9840 --- [main] o.s.boot.web.embedded.tomcat.TomcatWebServer - Tomcat initialized with port(s): 8092 (http) 
2022-07-26 08:40:05.622 INFO  9840 --- [main] org.apache.catalina.core.StandardService - Starting service [Tomcat] 
2022-07-26 08:40:05.622 INFO  9840 --- [main] org.apache.catalina.core.StandardEngine - Starting Servlet engine: [Apache Tomcat/9.0.64] 
2022-07-26 08:40:05.768 INFO  9840 --- [main] o.a.c.core.ContainerBase.[Tomcat].[localhost].[/] - Initializing Spring embedded WebApplicationContext 
2022-07-26 08:40:05.768 INFO  9840 --- [main] o.s.b.w.s.c.ServletWebServerApplicationContext - Root WebApplicationContext: initialization completed in 1330 ms 
2022-07-26 08:40:07.318 INFO  9840 --- [main] o.s.boot.web.embedded.tomcat.TomcatWebServer - Tomcat started on port(s): 8092 (http) with context path '' 
2022-07-26 08:40:07.336 INFO  9840 --- [main] com.local.StartApplication - Started StartApplication in 3.408 seconds (JVM running for 4.27) 
2022-07-26 08:40:08.026 INFO  9840 --- [main] com.local.YueSound.YueSoundUtils - token:6a6ce544006f4de19b7b81a72e6eb601 
2022-07-26 08:40:39.750 INFO  1060 --- [main] com.local.StartApplication - Starting StartApplication using Java 1.8.0_241 on LAPTOP-5FUOJDVF with PID 1060 (E:\dizhen\yueshengcode\start\target\classes started by tomato in E:\dizhen\yueshengcode) 
2022-07-26 08:40:39.750 INFO  1060 --- [main] com.local.StartApplication - No active profile set, falling back to 1 default profile: "default" 
2022-07-26 08:40:40.292 INFO  1060 --- [main] o.s.d.r.config.RepositoryConfigurationDelegate - Multiple Spring Data modules found, entering strict repository configuration mode 
2022-07-26 08:40:40.299 INFO  1060 --- [main] o.s.d.r.config.RepositoryConfigurationDelegate - Bootstrapping Spring Data Redis repositories in DEFAULT mode. 
2022-07-26 08:40:40.333 INFO  1060 --- [main] o.s.d.r.config.RepositoryConfigurationDelegate - Finished Spring Data repository scanning in 12 ms. Found 0 Redis repository interfaces. 
2022-07-26 08:40:40.432 WARN  1060 --- [main] org.mybatis.spring.mapper.ClassPathMapperScanner - No MyBatis mapper was found in '[com.local.dao]' package. Please check your configuration. 
2022-07-26 08:40:40.787 INFO  1060 --- [main] o.s.boot.web.embedded.tomcat.TomcatWebServer - Tomcat initialized with port(s): 8092 (http) 
2022-07-26 08:40:40.797 INFO  1060 --- [main] org.apache.catalina.core.StandardService - Starting service [Tomcat] 
2022-07-26 08:40:40.797 INFO  1060 --- [main] org.apache.catalina.core.StandardEngine - Starting Servlet engine: [Apache Tomcat/9.0.64] 
2022-07-26 08:40:40.911 INFO  1060 --- [main] o.a.c.core.ContainerBase.[Tomcat].[localhost].[/] - Initializing Spring embedded WebApplicationContext 
2022-07-26 08:40:40.911 INFO  1060 --- [main] o.s.b.w.s.c.ServletWebServerApplicationContext - Root WebApplicationContext: initialization completed in 1112 ms 
2022-07-26 08:40:42.197 INFO  1060 --- [main] o.s.boot.web.embedded.tomcat.TomcatWebServer - Tomcat started on port(s): 8092 (http) with context path '' 
2022-07-26 08:40:42.207 INFO  1060 --- [main] com.local.StartApplication - Started StartApplication in 2.896 seconds (JVM running for 3.728) 
2022-07-26 08:40:42.622 INFO  1060 --- [main] com.local.YueSound.YueSoundUtils - 获取token失败:签名不正确 
2022-07-26 08:40:42.677 INFO  1060 --- [main] com.local.YueSound.YueSoundUtils - token:6a6ce544006f4de19b7b81a72e6eb601 
2022-07-26 10:59:50.116 INFO  16272 --- [main] com.local.StartApplication - Starting StartApplication using Java 1.8.0_241 on LAPTOP-5FUOJDVF with PID 16272 (E:\dizhen\yueshengcode\start\target\classes started by tomato in E:\dizhen\yueshengcode) 
2022-07-26 10:59:50.116 INFO  16272 --- [main] com.local.StartApplication - No active profile set, falling back to 1 default profile: "default" 
2022-07-26 10:59:50.663 INFO  16272 --- [main] o.s.d.r.config.RepositoryConfigurationDelegate - Multiple Spring Data modules found, entering strict repository configuration mode 
2022-07-26 10:59:50.667 INFO  16272 --- [main] o.s.d.r.config.RepositoryConfigurationDelegate - Bootstrapping Spring Data Redis repositories in DEFAULT mode. 
2022-07-26 10:59:50.695 INFO  16272 --- [main] o.s.d.r.config.RepositoryConfigurationDelegate - Finished Spring Data repository scanning in 9 ms. Found 0 Redis repository interfaces. 
2022-07-26 10:59:50.787 WARN  16272 --- [main] org.mybatis.spring.mapper.ClassPathMapperScanner - No MyBatis mapper was found in '[com.local.dao]' package. Please check your configuration. 
2022-07-26 10:59:51.078 INFO  16272 --- [main] o.s.boot.web.embedded.tomcat.TomcatWebServer - Tomcat initialized with port(s): 8092 (http) 
2022-07-26 10:59:51.083 INFO  16272 --- [main] org.apache.catalina.core.StandardService - Starting service [Tomcat] 
2022-07-26 10:59:51.087 INFO  16272 --- [main] org.apache.catalina.core.StandardEngine - Starting Servlet engine: [Apache Tomcat/9.0.64] 
2022-07-26 10:59:51.193 INFO  16272 --- [main] o.a.c.core.ContainerBase.[Tomcat].[localhost].[/] - Initializing Spring embedded WebApplicationContext 
2022-07-26 10:59:51.193 INFO  16272 --- [main] o.s.b.w.s.c.ServletWebServerApplicationContext - Root WebApplicationContext: initialization completed in 1025 ms 
2022-07-26 10:59:52.352 INFO  16272 --- [main] o.s.boot.web.embedded.tomcat.TomcatWebServer - Tomcat started on port(s): 8092 (http) with context path '' 
2022-07-26 10:59:52.363 INFO  16272 --- [main] com.local.StartApplication - Started StartApplication in 2.687 seconds (JVM running for 3.515) 
2022-07-26 10:59:53.088 INFO  16272 --- [main] com.local.YueSound.YueSoundUtils - 获取token失败:签名不正确 
2022-07-26 10:59:53.151 INFO  16272 --- [main] com.local.YueSound.YueSoundUtils - token:a03b6144333d4b2aafa2c081f3559609 
2022-07-26 11:00:03.350 INFO  16272 --- [http-nio-8092-exec-2] o.a.c.core.ContainerBase.[Tomcat].[localhost].[/] - Initializing Spring DispatcherServlet 'dispatcherServlet' 
2022-07-26 11:00:03.350 INFO  16272 --- [http-nio-8092-exec-2] org.springframework.web.servlet.DispatcherServlet - Initializing Servlet 'dispatcherServlet' 
2022-07-26 11:00:03.350 INFO  16272 --- [http-nio-8092-exec-2] org.springframework.web.servlet.DispatcherServlet - Completed initialization in 0 ms 
